<?xml version="1.0" encoding="UTF-8"?>
<testsuite name="SolutionTest" tests="3" skipped="0" failures="0" errors="0" timestamp="2022-06-30T07:57:52" hostname="yuanyu-ubuntu" time="0.036">
  <properties/>
  <testcase name="coinChangeExample1()" classname="SolutionTest" time="0.031"/>
  <testcase name="coinChangeExample2()" classname="SolutionTest" time="0.001"/>
  <testcase name="coinChangeExample3()" classname="SolutionTest" time="0.001"/>
  <system-out><![CDATA[]]></system-out>
  <system-err><![CDATA[]]></system-err>
</testsuite>
